# JRE version: OpenJDK Runtime Environment (8.0_131-b11) (build 1.8.0_131-8u131-b11-2ubuntu1.16.04.3-b11)
# Java VM: OpenJDK 64-Bit Server VM (25.131-b11 mixed mode linux-amd64 compressed oops)
Heap:
 PSYoungGen      total 638976K, used 20720K [0x0000000781f00000, 0x00000007ab600000, 0x00000007c0000000)
  eden space 605696K, 0% used [0x0000000781f00000,0x0000000781f00000,0x00000007a6e80000)
  from space 33280K, 62% used [0x00000007a6e80000,0x00000007a82bc128,0x00000007a8f00000)
  to   space 26624K, 0% used [0x00000007a8f00000,0x00000007a8f00000,0x00000007aa900000)
 ParOldGen       total 128512K, used 55915K [0x0000000705c00000, 0x000000070d980000, 0x0000000781f00000)
  object space 128512K, 43% used [0x0000000705c00000,0x000000070929afe8,0x000000070d980000)
 Metaspace       used 14088K, capacity 14322K, committed 14464K, reserved 1062912K
  class space    used 1807K, capacity 1895K, committed 1920K, reserved 1048576K
GC Heap History (10 events):
Event: 2.292 GC heap after
Heap after GC invocations=6 (full 0):
 PSYoungGen      total 203776K, used 10736K [0x0000000781f00000, 0x000000078f500000, 0x00000007c0000000)
  eden space 193024K, 0% used [0x0000000781f00000,0x0000000781f00000,0x000000078db80000)
  from space 10752K, 99% used [0x000000078e780000,0x000000078f1fc0d0,0x000000078f200000)
  to   space 12288K, 0% used [0x000000078db80000,0x000000078db80000,0x000000078e780000)
 ParOldGen       total 128512K, used 4032K [0x0000000705c00000, 0x000000070d980000, 0x0000000781f00000)
  object space 128512K, 3% used [0x0000000705c00000,0x0000000705ff01b8,0x000000070d980000)
 Metaspace       used 13623K, capacity 13856K, committed 14208K, reserved 1060864K
  class space    used 1749K, capacity 1828K, committed 1920K, reserved 1048576K
}
Event: 3.363 GC heap before
{Heap before GC invocations=7 (full 0):
 PSYoungGen      total 203776K, used 203760K [0x0000000781f00000, 0x000000078f500000, 0x00000007c0000000)
  eden space 193024K, 100% used [0x0000000781f00000,0x000000078db80000,0x000000078db80000)
  from space 10752K, 99% used [0x000000078e780000,0x000000078f1fc0d0,0x000000078f200000)
  to   space 12288K, 0% used [0x000000078db80000,0x000000078db80000,0x000000078e780000)
 ParOldGen       total 128512K, used 4032K [0x0000000705c00000, 0x000000070d980000, 0x0000000781f00000)
  object space 128512K, 3% used [0x0000000705c00000,0x0000000705ff01b8,0x000000070d980000)
 Metaspace       used 13624K, capacity 13856K, committed 14208K, reserved 1060864K
  class space    used 1749K, capacity 1828K, committed 1920K, reserved 1048576K
Event: 3.472 GC heap after
Heap after GC invocations=7 (full 0):
 PSYoungGen      total 205312K, used 12285K [0x0000000781f00000, 0x000000079b800000, 0x00000007c0000000)
  eden space 193024K, 0% used [0x0000000781f00000,0x0000000781f00000,0x000000078db80000)
  from space 12288K, 99% used [0x000000078db80000,0x000000078e77f7a8,0x000000078e780000)
  to   space 16384K, 0% used [0x000000079a800000,0x000000079a800000,0x000000079b800000)
 ParOldGen       total 128512K, used 9298K [0x0000000705c00000, 0x000000070d980000, 0x0000000781f00000)
  object space 128512K, 7% used [0x0000000705c00000,0x0000000706514ba8,0x000000070d980000)
 Metaspace       used 13624K, capacity 13856K, committed 14208K, reserved 1060864K
  class space    used 1749K, capacity 1828K, committed 1920K, reserved 1048576K
}
Event: 3.684 GC heap before
{Heap before GC invocations=8 (full 0):
 PSYoungGen      total 205312K, used 205309K [0x0000000781f00000, 0x000000079b800000, 0x00000007c0000000)
  eden space 193024K, 100% used [0x0000000781f00000,0x000000078db80000,0x000000078db80000)
  from space 12288K, 99% used [0x000000078db80000,0x000000078e77f7a8,0x000000078e780000)
  to   space 16384K, 0% used [0x000000079a800000,0x000000079a800000,0x000000079b800000)
 ParOldGen       total 128512K, used 9298K [0x0000000705c00000, 0x000000070d980000, 0x0000000781f00000)
  object space 128512K, 7% used [0x0000000705c00000,0x0000000706514ba8,0x000000070d980000)
 Metaspace       used 13629K, capacity 13856K, committed 14208K, reserved 1060864K
  class space    used 1749K, capacity 1828K, committed 1920K, reserved 1048576K
Event: 3.774 GC heap after
Heap after GC invocations=8 (full 0):
 PSYoungGen      total 398848K, used 16378K [0x0000000781f00000, 0x000000079bf00000, 0x00000007c0000000)
  eden space 382464K, 0% used [0x0000000781f00000,0x0000000781f00000,0x0000000799480000)
  from space 16384K, 99% used [0x000000079a800000,0x000000079b7fea28,0x000000079b800000)
  to   space 19968K, 0% used [0x0000000799480000,0x0000000799480000,0x000000079a800000)
 ParOldGen       total 128512K, used 12162K [0x0000000705c00000, 0x000000070d980000, 0x0000000781f00000)
  object space 128512K, 9% used [0x0000000705c00000,0x00000007067e0ba8,0x000000070d980000)
 Metaspace       used 13629K, capacity 13856K, committed 14208K, reserved 1060864K
  class space    used 1749K, capacity 1828K, committed 1920K, reserved 1048576K
}
Event: 6.000 GC heap before
{Heap before GC invocations=9 (full 0):
 PSYoungGen      total 398848K, used 398842K [0x0000000781f00000, 0x000000079bf00000, 0x00000007c0000000)
  eden space 382464K, 100% used [0x0000000781f00000,0x0000000799480000,0x0000000799480000)
  from space 16384K, 99% used [0x000000079a800000,0x000000079b7fea28,0x000000079b800000)
  to   space 19968K, 0% used [0x0000000799480000,0x0000000799480000,0x000000079a800000)
 ParOldGen       total 128512K, used 12162K [0x0000000705c00000, 0x000000070d980000, 0x0000000781f00000)
  object space 128512K, 9% used [0x0000000705c00000,0x00000007067e0ba8,0x000000070d980000)
 Metaspace       used 13630K, capacity 13856K, committed 14208K, reserved 1060864K
  class space    used 1749K, capacity 1828K, committed 1920K, reserved 1048576K
Event: 6.154 GC heap after
Heap after GC invocations=9 (full 0):
 PSYoungGen      total 402432K, used 19946K [0x0000000781f00000, 0x00000007aa900000, 0x00000007c0000000)
  eden space 382464K, 0% used [0x0000000781f00000,0x0000000781f00000,0x0000000799480000)
  from space 19968K, 99% used [0x0000000799480000,0x000000079a7fa880,0x000000079a800000)
  to   space 26624K, 0% used [0x00000007a8f00000,0x00000007a8f00000,0x00000007aa900000)
 ParOldGen       total 128512K, used 22322K [0x0000000705c00000, 0x000000070d980000, 0x0000000781f00000)
  object space 128512K, 17% used [0x0000000705c00000,0x00000007071ccbb8,0x000000070d980000)
 Metaspace       used 13630K, capacity 13856K, committed 14208K, reserved 1060864K
  class space    used 1749K, capacity 1828K, committed 1920K, reserved 1048576K
}
Event: 6.535 GC heap before
{Heap before GC invocations=10 (full 0):
 PSYoungGen      total 402432K, used 402410K [0x0000000781f00000, 0x00000007aa900000, 0x00000007c0000000)
  eden space 382464K, 100% used [0x0000000781f00000,0x0000000799480000,0x0000000799480000)
  from space 19968K, 99% used [0x0000000799480000,0x000000079a7fa880,0x000000079a800000)
  to   space 26624K, 0% used [0x00000007a8f00000,0x00000007a8f00000,0x00000007aa900000)
 ParOldGen       total 128512K, used 22322K [0x0000000705c00000, 0x000000070d980000, 0x0000000781f00000)
  object space 128512K, 17% used [0x0000000705c00000,0x00000007071ccbb8,0x000000070d980000)
 Metaspace       used 13630K, capacity 13856K, committed 14208K, reserved 1060864K
  class space    used 1749K, capacity 1828K, committed 1920K, reserved 1048576K
Event: 6.649 GC heap after
Heap after GC invocations=10 (full 0):
 PSYoungGen      total 632320K, used 26613K [0x0000000781f00000, 0x00000007ab600000, 0x00000007c0000000)
  eden space 605696K, 0% used [0x0000000781f00000,0x0000000781f00000,0x00000007a6e80000)
  from space 26624K, 99% used [0x00000007a8f00000,0x00000007aa8fd6a8,0x00000007aa900000)
  to   space 33280K, 0% used [0x00000007a6e80000,0x00000007a6e80000,0x00000007a8f00000)
 ParOldGen       total 128512K, used 29282K [0x0000000705c00000, 0x000000070d980000, 0x0000000781f00000)
  object space 128512K, 22% used [0x0000000705c00000,0x0000000707898bb8,0x000000070d980000)
 Metaspace       used 13630K, capacity 13856K, committed 14208K, reserved 1060864K
  class space    used 1749K, capacity 1828K, committed 1920K, reserved 1048576K
}
Event: 8.810 GC heap before
{Heap before GC invocations=11 (full 0):
 PSYoungGen      total 632320K, used 632309K [0x0000000781f00000, 0x00000007ab600000, 0x00000007c0000000)
  eden space 605696K, 100% used [0x0000000781f00000,0x00000007a6e80000,0x00000007a6e80000)
  from space 26624K, 99% used [0x00000007a8f00000,0x00000007aa8fd6a8,0x00000007aa900000)
  to   space 33280K, 0% used [0x00000007a6e80000,0x00000007a6e80000,0x00000007a8f00000)
 ParOldGen       total 128512K, used 29282K [0x0000000705c00000, 0x000000070d980000, 0x0000000781f00000)
  object space 128512K, 22% used [0x0000000705c00000,0x0000000707898bb8,0x000000070d980000)
 Metaspace       used 14088K, capacity 14322K, committed 14464K, reserved 1062912K
  class space    used 1807K, capacity 1895K, committed 1920K, reserved 1048576K

